2024-11-02 22:07:37 - Starting PwwApplication using Java 17.0.13 with PID 70283 (/Users/parkwonwoo/Downloads/pww/target/classes started by parkwonwoo in /Users/parkwonwoo/Downloads/pww)
2024-11-02 22:07:37 - No active profile set, falling back to 1 default profile: "default"
2024-11-02 22:07:37 - No MyBatis mapper was found in '[com.example.pww]' package. Please check your configuration.
2024-11-02 22:07:37 - Tomcat initialized with port 8090 (http)
2024-11-02 22:07:37 - Starting service [Tomcat]
2024-11-02 22:07:37 - Starting Servlet engine: [Apache Tomcat/10.1.31]
2024-11-02 22:07:37 - Initializing Spring embedded WebApplicationContext
2024-11-02 22:07:37 - Root WebApplicationContext: initialization completed in 63 ms
2024-11-02 22:07:37 - LiveReload server is running on port 35729
2024-11-02 22:07:37 - Tomcat started on port 8090 (http) with context path '/'
2024-11-02 22:07:37 - Started PwwApplication in 0.149 seconds (process running for 657.545)
2024-11-02 22:07:37 - Condition evaluation unchanged
2024-11-02 22:07:40 - Restarting due to 1 class path change (0 additions, 0 deletions, 1 modification)
2024-11-02 22:07:43 - Starting PwwApplication using Java 17.0.13 with PID 70283 (/Users/parkwonwoo/Downloads/pww/target/classes started by parkwonwoo in /Users/parkwonwoo/Downloads/pww)
2024-11-02 22:07:43 - No active profile set, falling back to 1 default profile: "default"
2024-11-02 22:07:43 - No MyBatis mapper was found in '[com.example.pww]' package. Please check your configuration.
2024-11-02 22:07:43 - Tomcat initialized with port 8090 (http)
2024-11-02 22:07:43 - Starting service [Tomcat]
2024-11-02 22:07:43 - Starting Servlet engine: [Apache Tomcat/10.1.31]
2024-11-02 22:07:43 - Initializing Spring embedded WebApplicationContext
2024-11-02 22:07:43 - Root WebApplicationContext: initialization completed in 76 ms
2024-11-02 22:07:44 - LiveReload server is running on port 35729
2024-11-02 22:07:44 - Tomcat started on port 8090 (http) with context path '/'
2024-11-02 22:07:44 - Started PwwApplication in 0.154 seconds (process running for 663.582)
2024-11-02 22:07:44 - Condition evaluation unchanged
2024-11-02 22:08:05 - Restarting due to 1 class path change (0 additions, 0 deletions, 1 modification)
2024-11-02 22:08:05 - Starting PwwApplication using Java 17.0.13 with PID 70283 (/Users/parkwonwoo/Downloads/pww/target/classes started by parkwonwoo in /Users/parkwonwoo/Downloads/pww)
2024-11-02 22:08:05 - No active profile set, falling back to 1 default profile: "default"
2024-11-02 22:08:05 - No MyBatis mapper was found in '[com.example.pww]' package. Please check your configuration.
2024-11-02 22:08:05 - Tomcat initialized with port 8090 (http)
2024-11-02 22:08:05 - Starting service [Tomcat]
2024-11-02 22:08:05 - Starting Servlet engine: [Apache Tomcat/10.1.31]
2024-11-02 22:08:05 - Initializing Spring embedded WebApplicationContext
2024-11-02 22:08:05 - Root WebApplicationContext: initialization completed in 67 ms
2024-11-02 22:08:05 - Exception encountered during context initialization - cancelling refresh attempt: org.springframework.beans.factory.BeanCreationException: Error creating bean with name 'main' defined in file [/Users/parkwonwoo/Downloads/pww/target/classes/com/example/pww/Main.class]: Failed to instantiate [com.example.pww.Main]: Constructor threw exception
2024-11-02 22:08:05 - Stopping service [Tomcat]
2024-11-02 22:08:05 - 

Error starting ApplicationContext. To display the condition evaluation report re-run your application with 'debug' enabled.
2024-11-02 22:08:05 - Application run failed
org.springframework.beans.factory.BeanCreationException: Error creating bean with name 'main' defined in file [/Users/parkwonwoo/Downloads/pww/target/classes/com/example/pww/Main.class]: Failed to instantiate [com.example.pww.Main]: Constructor threw exception
	at org.springframework.beans.factory.support.AbstractAutowireCapableBeanFactory.instantiateBean(AbstractAutowireCapableBeanFactory.java:1337)
	at org.springframework.beans.factory.support.AbstractAutowireCapableBeanFactory.createBeanInstance(AbstractAutowireCapableBeanFactory.java:1222)
	at org.springframework.beans.factory.support.AbstractAutowireCapableBeanFactory.doCreateBean(AbstractAutowireCapableBeanFactory.java:562)
	at org.springframework.beans.factory.support.AbstractAutowireCapableBeanFactory.createBean(AbstractAutowireCapableBeanFactory.java:522)
	at org.springframework.beans.factory.support.AbstractBeanFactory.lambda$doGetBean$0(AbstractBeanFactory.java:337)
	at org.springframework.beans.factory.support.DefaultSingletonBeanRegistry.getSingleton(DefaultSingletonBeanRegistry.java:234)
	at org.springframework.beans.factory.support.AbstractBeanFactory.doGetBean(AbstractBeanFactory.java:335)
	at org.springframework.beans.factory.support.AbstractBeanFactory.getBean(AbstractBeanFactory.java:200)
	at org.springframework.beans.factory.support.DefaultListableBeanFactory.preInstantiateSingletons(DefaultListableBeanFactory.java:975)
	at org.springframework.context.support.AbstractApplicationContext.finishBeanFactoryInitialization(AbstractApplicationContext.java:971)
	at org.springframework.context.support.AbstractApplicationContext.refresh(AbstractApplicationContext.java:625)
	at org.springframework.boot.web.servlet.context.ServletWebServerApplicationContext.refresh(ServletWebServerApplicationContext.java:146)
	at org.springframework.boot.SpringApplication.refresh(SpringApplication.java:754)
	at org.springframework.boot.SpringApplication.refreshContext(SpringApplication.java:456)
	at org.springframework.boot.SpringApplication.run(SpringApplication.java:335)
	at org.springframework.boot.SpringApplication.run(SpringApplication.java:1363)
	at org.springframework.boot.SpringApplication.run(SpringApplication.java:1352)
	at com.example.pww.PwwApplication.main(PwwApplication.java:10)
	at java.base/jdk.internal.reflect.NativeMethodAccessorImpl.invoke0(Native Method)
	at java.base/jdk.internal.reflect.NativeMethodAccessorImpl.invoke(NativeMethodAccessorImpl.java:77)
	at java.base/jdk.internal.reflect.DelegatingMethodAccessorImpl.invoke(DelegatingMethodAccessorImpl.java:43)
	at java.base/java.lang.reflect.Method.invoke(Method.java:569)
	at org.springframework.boot.devtools.restart.RestartLauncher.run(RestartLauncher.java:50)
Caused by: org.springframework.beans.BeanInstantiationException: Failed to instantiate [com.example.pww.Main]: Constructor threw exception
	at org.springframework.beans.BeanUtils.instantiateClass(BeanUtils.java:221)
	at org.springframework.beans.factory.support.SimpleInstantiationStrategy.instantiate(SimpleInstantiationStrategy.java:94)
	at org.springframework.beans.factory.support.AbstractAutowireCapableBeanFactory.instantiateBean(AbstractAutowireCapableBeanFactory.java:1331)
	... 22 common frames omitted
Caused by: java.lang.Error: Unresolved compilation problems: 
	Logger cannot be resolved to a type
	LoggerFactory cannot be resolved
	MyService cannot be resolved to a type

	at com.example.pww.Main.<init>(Main.java:8)
	at java.base/jdk.internal.reflect.NativeConstructorAccessorImpl.newInstance0(Native Method)
	at java.base/jdk.internal.reflect.NativeConstructorAccessorImpl.newInstance(NativeConstructorAccessorImpl.java:77)
	at java.base/jdk.internal.reflect.DelegatingConstructorAccessorImpl.newInstance(DelegatingConstructorAccessorImpl.java:45)
	at java.base/java.lang.reflect.Constructor.newInstanceWithCaller(Constructor.java:500)
	at java.base/java.lang.reflect.Constructor.newInstance(Constructor.java:481)
	at org.springframework.beans.BeanUtils.instantiateClass(BeanUtils.java:195)
	... 24 common frames omitted
2024-11-02 22:08:43 - Starting PwwApplication using Java 17.0.13 with PID 70283 (/Users/parkwonwoo/Downloads/pww/target/classes started by parkwonwoo in /Users/parkwonwoo/Downloads/pww)
2024-11-02 22:08:43 - No active profile set, falling back to 1 default profile: "default"
2024-11-02 22:08:43 - No MyBatis mapper was found in '[com.example.pww]' package. Please check your configuration.
2024-11-02 22:08:43 - Tomcat initialized with port 8090 (http)
2024-11-02 22:08:43 - Starting service [Tomcat]
2024-11-02 22:08:43 - Starting Servlet engine: [Apache Tomcat/10.1.31]
2024-11-02 22:08:43 - Initializing Spring embedded WebApplicationContext
2024-11-02 22:08:43 - Root WebApplicationContext: initialization completed in 74 ms
2024-11-02 22:08:43 - Exception encountered during context initialization - cancelling refresh attempt: org.springframework.beans.factory.BeanCreationException: Error creating bean with name 'main' defined in file [/Users/parkwonwoo/Downloads/pww/target/classes/com/example/pww/Main.class]: Failed to instantiate [com.example.pww.Main]: Constructor threw exception
2024-11-02 22:08:43 - Stopping service [Tomcat]
2024-11-02 22:08:43 - 

Error starting ApplicationContext. To display the condition evaluation report re-run your application with 'debug' enabled.
2024-11-02 22:08:43 - Application run failed
org.springframework.beans.factory.BeanCreationException: Error creating bean with name 'main' defined in file [/Users/parkwonwoo/Downloads/pww/target/classes/com/example/pww/Main.class]: Failed to instantiate [com.example.pww.Main]: Constructor threw exception
	at org.springframework.beans.factory.support.AbstractAutowireCapableBeanFactory.instantiateBean(AbstractAutowireCapableBeanFactory.java:1337)
	at org.springframework.beans.factory.support.AbstractAutowireCapableBeanFactory.createBeanInstance(AbstractAutowireCapableBeanFactory.java:1222)
	at org.springframework.beans.factory.support.AbstractAutowireCapableBeanFactory.doCreateBean(AbstractAutowireCapableBeanFactory.java:562)
	at org.springframework.beans.factory.support.AbstractAutowireCapableBeanFactory.createBean(AbstractAutowireCapableBeanFactory.java:522)
	at org.springframework.beans.factory.support.AbstractBeanFactory.lambda$doGetBean$0(AbstractBeanFactory.java:337)
	at org.springframework.beans.factory.support.DefaultSingletonBeanRegistry.getSingleton(DefaultSingletonBeanRegistry.java:234)
	at org.springframework.beans.factory.support.AbstractBeanFactory.doGetBean(AbstractBeanFactory.java:335)
	at org.springframework.beans.factory.support.AbstractBeanFactory.getBean(AbstractBeanFactory.java:200)
	at org.springframework.beans.factory.support.DefaultListableBeanFactory.preInstantiateSingletons(DefaultListableBeanFactory.java:975)
	at org.springframework.context.support.AbstractApplicationContext.finishBeanFactoryInitialization(AbstractApplicationContext.java:971)
	at org.springframework.context.support.AbstractApplicationContext.refresh(AbstractApplicationContext.java:625)
	at org.springframework.boot.web.servlet.context.ServletWebServerApplicationContext.refresh(ServletWebServerApplicationContext.java:146)
	at org.springframework.boot.SpringApplication.refresh(SpringApplication.java:754)
	at org.springframework.boot.SpringApplication.refreshContext(SpringApplication.java:456)
	at org.springframework.boot.SpringApplication.run(SpringApplication.java:335)
	at org.springframework.boot.SpringApplication.run(SpringApplication.java:1363)
	at org.springframework.boot.SpringApplication.run(SpringApplication.java:1352)
	at com.example.pww.PwwApplication.main(PwwApplication.java:10)
	at java.base/jdk.internal.reflect.NativeMethodAccessorImpl.invoke0(Native Method)
	at java.base/jdk.internal.reflect.NativeMethodAccessorImpl.invoke(NativeMethodAccessorImpl.java:77)
	at java.base/jdk.internal.reflect.DelegatingMethodAccessorImpl.invoke(DelegatingMethodAccessorImpl.java:43)
	at java.base/java.lang.reflect.Method.invoke(Method.java:569)
	at org.springframework.boot.devtools.restart.RestartLauncher.run(RestartLauncher.java:50)
Caused by: org.springframework.beans.BeanInstantiationException: Failed to instantiate [com.example.pww.Main]: Constructor threw exception
	at org.springframework.beans.BeanUtils.instantiateClass(BeanUtils.java:221)
	at org.springframework.beans.factory.support.SimpleInstantiationStrategy.instantiate(SimpleInstantiationStrategy.java:94)
	at org.springframework.beans.factory.support.AbstractAutowireCapableBeanFactory.instantiateBean(AbstractAutowireCapableBeanFactory.java:1331)
	... 22 common frames omitted
Caused by: java.lang.Error: Unresolved compilation problem: 
	MyService cannot be resolved to a type

	at com.example.pww.Main.<init>(Main.java:10)
	at java.base/jdk.internal.reflect.NativeConstructorAccessorImpl.newInstance0(Native Method)
	at java.base/jdk.internal.reflect.NativeConstructorAccessorImpl.newInstance(NativeConstructorAccessorImpl.java:77)
	at java.base/jdk.internal.reflect.DelegatingConstructorAccessorImpl.newInstance(DelegatingConstructorAccessorImpl.java:45)
	at java.base/java.lang.reflect.Constructor.newInstanceWithCaller(Constructor.java:500)
	at java.base/java.lang.reflect.Constructor.newInstance(Constructor.java:481)
	at org.springframework.beans.BeanUtils.instantiateClass(BeanUtils.java:195)
	... 24 common frames omitted
2024-11-02 22:10:01 - Starting PwwApplication using Java 17.0.13 with PID 70283 (/Users/parkwonwoo/Downloads/pww/target/classes started by parkwonwoo in /Users/parkwonwoo/Downloads/pww)
2024-11-02 22:10:01 - No active profile set, falling back to 1 default profile: "default"
2024-11-02 22:10:01 - No MyBatis mapper was found in '[com.example.pww]' package. Please check your configuration.
2024-11-02 22:10:01 - Tomcat initialized with port 8090 (http)
2024-11-02 22:10:01 - Starting service [Tomcat]
2024-11-02 22:10:01 - Starting Servlet engine: [Apache Tomcat/10.1.31]
2024-11-02 22:10:01 - Initializing Spring embedded WebApplicationContext
2024-11-02 22:10:01 - Root WebApplicationContext: initialization completed in 76 ms
2024-11-02 22:10:01 - Exception encountered during context initialization - cancelling refresh attempt: org.springframework.beans.factory.BeanCreationException: Error creating bean with name 'main' defined in file [/Users/parkwonwoo/Downloads/pww/target/classes/com/example/pww/Main.class]: Failed to instantiate [com.example.pww.Main]: Constructor threw exception
2024-11-02 22:10:01 - Stopping service [Tomcat]
2024-11-02 22:10:01 - 

Error starting ApplicationContext. To display the condition evaluation report re-run your application with 'debug' enabled.
2024-11-02 22:10:01 - Application run failed
org.springframework.beans.factory.BeanCreationException: Error creating bean with name 'main' defined in file [/Users/parkwonwoo/Downloads/pww/target/classes/com/example/pww/Main.class]: Failed to instantiate [com.example.pww.Main]: Constructor threw exception
	at org.springframework.beans.factory.support.AbstractAutowireCapableBeanFactory.instantiateBean(AbstractAutowireCapableBeanFactory.java:1337)
	at org.springframework.beans.factory.support.AbstractAutowireCapableBeanFactory.createBeanInstance(AbstractAutowireCapableBeanFactory.java:1222)
	at org.springframework.beans.factory.support.AbstractAutowireCapableBeanFactory.doCreateBean(AbstractAutowireCapableBeanFactory.java:562)
	at org.springframework.beans.factory.support.AbstractAutowireCapableBeanFactory.createBean(AbstractAutowireCapableBeanFactory.java:522)
	at org.springframework.beans.factory.support.AbstractBeanFactory.lambda$doGetBean$0(AbstractBeanFactory.java:337)
	at org.springframework.beans.factory.support.DefaultSingletonBeanRegistry.getSingleton(DefaultSingletonBeanRegistry.java:234)
	at org.springframework.beans.factory.support.AbstractBeanFactory.doGetBean(AbstractBeanFactory.java:335)
	at org.springframework.beans.factory.support.AbstractBeanFactory.getBean(AbstractBeanFactory.java:200)
	at org.springframework.beans.factory.support.DefaultListableBeanFactory.preInstantiateSingletons(DefaultListableBeanFactory.java:975)
	at org.springframework.context.support.AbstractApplicationContext.finishBeanFactoryInitialization(AbstractApplicationContext.java:971)
	at org.springframework.context.support.AbstractApplicationContext.refresh(AbstractApplicationContext.java:625)
	at org.springframework.boot.web.servlet.context.ServletWebServerApplicationContext.refresh(ServletWebServerApplicationContext.java:146)
	at org.springframework.boot.SpringApplication.refresh(SpringApplication.java:754)
	at org.springframework.boot.SpringApplication.refreshContext(SpringApplication.java:456)
	at org.springframework.boot.SpringApplication.run(SpringApplication.java:335)
	at org.springframework.boot.SpringApplication.run(SpringApplication.java:1363)
	at org.springframework.boot.SpringApplication.run(SpringApplication.java:1352)
	at com.example.pww.PwwApplication.main(PwwApplication.java:10)
	at java.base/jdk.internal.reflect.NativeMethodAccessorImpl.invoke0(Native Method)
	at java.base/jdk.internal.reflect.NativeMethodAccessorImpl.invoke(NativeMethodAccessorImpl.java:77)
	at java.base/jdk.internal.reflect.DelegatingMethodAccessorImpl.invoke(DelegatingMethodAccessorImpl.java:43)
	at java.base/java.lang.reflect.Method.invoke(Method.java:569)
	at org.springframework.boot.devtools.restart.RestartLauncher.run(RestartLauncher.java:50)
Caused by: org.springframework.beans.BeanInstantiationException: Failed to instantiate [com.example.pww.Main]: Constructor threw exception
	at org.springframework.beans.BeanUtils.instantiateClass(BeanUtils.java:221)
	at org.springframework.beans.factory.support.SimpleInstantiationStrategy.instantiate(SimpleInstantiationStrategy.java:94)
	at org.springframework.beans.factory.support.AbstractAutowireCapableBeanFactory.instantiateBean(AbstractAutowireCapableBeanFactory.java:1331)
	... 22 common frames omitted
Caused by: java.lang.Error: Unresolved compilation problem: 
	The method LoggerFactory() is undefined for the type Main

	at com.example.pww.Main.<init>(Main.java:10)
	at java.base/jdk.internal.reflect.NativeConstructorAccessorImpl.newInstance0(Native Method)
	at java.base/jdk.internal.reflect.NativeConstructorAccessorImpl.newInstance(NativeConstructorAccessorImpl.java:77)
	at java.base/jdk.internal.reflect.DelegatingConstructorAccessorImpl.newInstance(DelegatingConstructorAccessorImpl.java:45)
	at java.base/java.lang.reflect.Constructor.newInstanceWithCaller(Constructor.java:500)
	at java.base/java.lang.reflect.Constructor.newInstance(Constructor.java:481)
	at org.springframework.beans.BeanUtils.instantiateClass(BeanUtils.java:195)
	... 24 common frames omitted
2024-11-02 22:11:06 - Starting PwwApplication using Java 17.0.13 with PID 70283 (/Users/parkwonwoo/Downloads/pww/target/classes started by parkwonwoo in /Users/parkwonwoo/Downloads/pww)
2024-11-02 22:11:06 - No active profile set, falling back to 1 default profile: "default"
2024-11-02 22:11:06 - No MyBatis mapper was found in '[com.example.pww]' package. Please check your configuration.
2024-11-02 22:11:06 - Tomcat initialized with port 8090 (http)
2024-11-02 22:11:06 - Starting service [Tomcat]
2024-11-02 22:11:06 - Starting Servlet engine: [Apache Tomcat/10.1.31]
2024-11-02 22:11:06 - Initializing Spring embedded WebApplicationContext
2024-11-02 22:11:06 - Root WebApplicationContext: initialization completed in 74 ms
2024-11-02 22:11:06 - Exception encountered during context initialization - cancelling refresh attempt: org.springframework.beans.factory.BeanCreationException: Error creating bean with name 'main' defined in file [/Users/parkwonwoo/Downloads/pww/target/classes/com/example/pww/Main.class]: Failed to instantiate [com.example.pww.Main]: Constructor threw exception
2024-11-02 22:11:06 - Stopping service [Tomcat]
2024-11-02 22:11:06 - 

Error starting ApplicationContext. To display the condition evaluation report re-run your application with 'debug' enabled.
2024-11-02 22:11:06 - Application run failed
org.springframework.beans.factory.BeanCreationException: Error creating bean with name 'main' defined in file [/Users/parkwonwoo/Downloads/pww/target/classes/com/example/pww/Main.class]: Failed to instantiate [com.example.pww.Main]: Constructor threw exception
	at org.springframework.beans.factory.support.AbstractAutowireCapableBeanFactory.instantiateBean(AbstractAutowireCapableBeanFactory.java:1337)
	at org.springframework.beans.factory.support.AbstractAutowireCapableBeanFactory.createBeanInstance(AbstractAutowireCapableBeanFactory.java:1222)
	at org.springframework.beans.factory.support.AbstractAutowireCapableBeanFactory.doCreateBean(AbstractAutowireCapableBeanFactory.java:562)
	at org.springframework.beans.factory.support.AbstractAutowireCapableBeanFactory.createBean(AbstractAutowireCapableBeanFactory.java:522)
	at org.springframework.beans.factory.support.AbstractBeanFactory.lambda$doGetBean$0(AbstractBeanFactory.java:337)
	at org.springframework.beans.factory.support.DefaultSingletonBeanRegistry.getSingleton(DefaultSingletonBeanRegistry.java:234)
	at org.springframework.beans.factory.support.AbstractBeanFactory.doGetBean(AbstractBeanFactory.java:335)
	at org.springframework.beans.factory.support.AbstractBeanFactory.getBean(AbstractBeanFactory.java:200)
	at org.springframework.beans.factory.support.DefaultListableBeanFactory.preInstantiateSingletons(DefaultListableBeanFactory.java:975)
	at org.springframework.context.support.AbstractApplicationContext.finishBeanFactoryInitialization(AbstractApplicationContext.java:971)
	at org.springframework.context.support.AbstractApplicationContext.refresh(AbstractApplicationContext.java:625)
	at org.springframework.boot.web.servlet.context.ServletWebServerApplicationContext.refresh(ServletWebServerApplicationContext.java:146)
	at org.springframework.boot.SpringApplication.refresh(SpringApplication.java:754)
	at org.springframework.boot.SpringApplication.refreshContext(SpringApplication.java:456)
	at org.springframework.boot.SpringApplication.run(SpringApplication.java:335)
	at org.springframework.boot.SpringApplication.run(SpringApplication.java:1363)
	at org.springframework.boot.SpringApplication.run(SpringApplication.java:1352)
	at com.example.pww.PwwApplication.main(PwwApplication.java:10)
	at java.base/jdk.internal.reflect.NativeMethodAccessorImpl.invoke0(Native Method)
	at java.base/jdk.internal.reflect.NativeMethodAccessorImpl.invoke(NativeMethodAccessorImpl.java:77)
	at java.base/jdk.internal.reflect.DelegatingMethodAccessorImpl.invoke(DelegatingMethodAccessorImpl.java:43)
	at java.base/java.lang.reflect.Method.invoke(Method.java:569)
	at org.springframework.boot.devtools.restart.RestartLauncher.run(RestartLauncher.java:50)
Caused by: org.springframework.beans.BeanInstantiationException: Failed to instantiate [com.example.pww.Main]: Constructor threw exception
	at org.springframework.beans.BeanUtils.instantiateClass(BeanUtils.java:221)
	at org.springframework.beans.factory.support.SimpleInstantiationStrategy.instantiate(SimpleInstantiationStrategy.java:94)
	at org.springframework.beans.factory.support.AbstractAutowireCapableBeanFactory.instantiateBean(AbstractAutowireCapableBeanFactory.java:1331)
	... 22 common frames omitted
Caused by: java.lang.Error: Unresolved compilation problem: 
	The method LoggerFactory() is undefined for the type Main

	at com.example.pww.Main.<init>(Main.java:10)
	at java.base/jdk.internal.reflect.NativeConstructorAccessorImpl.newInstance0(Native Method)
	at java.base/jdk.internal.reflect.NativeConstructorAccessorImpl.newInstance(NativeConstructorAccessorImpl.java:77)
	at java.base/jdk.internal.reflect.DelegatingConstructorAccessorImpl.newInstance(DelegatingConstructorAccessorImpl.java:45)
	at java.base/java.lang.reflect.Constructor.newInstanceWithCaller(Constructor.java:500)
	at java.base/java.lang.reflect.Constructor.newInstance(Constructor.java:481)
	at org.springframework.beans.BeanUtils.instantiateClass(BeanUtils.java:195)
	... 24 common frames omitted
2024-11-02 22:11:13 - Starting PwwApplication using Java 17.0.13 with PID 70283 (/Users/parkwonwoo/Downloads/pww/target/classes started by parkwonwoo in /Users/parkwonwoo/Downloads/pww)
2024-11-02 22:11:13 - No active profile set, falling back to 1 default profile: "default"
2024-11-02 22:11:13 - No MyBatis mapper was found in '[com.example.pww]' package. Please check your configuration.
2024-11-02 22:11:13 - Tomcat initialized with port 8090 (http)
2024-11-02 22:11:13 - Starting service [Tomcat]
2024-11-02 22:11:13 - Starting Servlet engine: [Apache Tomcat/10.1.31]
2024-11-02 22:11:13 - Initializing Spring embedded WebApplicationContext
2024-11-02 22:11:13 - Root WebApplicationContext: initialization completed in 75 ms
2024-11-02 22:11:13 - Exception encountered during context initialization - cancelling refresh attempt: org.springframework.beans.factory.BeanCreationException: Error creating bean with name 'main' defined in file [/Users/parkwonwoo/Downloads/pww/target/classes/com/example/pww/Main.class]: Failed to instantiate [com.example.pww.Main]: Constructor threw exception
2024-11-02 22:11:13 - Stopping service [Tomcat]
2024-11-02 22:11:13 - 

Error starting ApplicationContext. To display the condition evaluation report re-run your application with 'debug' enabled.
2024-11-02 22:11:13 - Application run failed
org.springframework.beans.factory.BeanCreationException: Error creating bean with name 'main' defined in file [/Users/parkwonwoo/Downloads/pww/target/classes/com/example/pww/Main.class]: Failed to instantiate [com.example.pww.Main]: Constructor threw exception
	at org.springframework.beans.factory.support.AbstractAutowireCapableBeanFactory.instantiateBean(AbstractAutowireCapableBeanFactory.java:1337)
	at org.springframework.beans.factory.support.AbstractAutowireCapableBeanFactory.createBeanInstance(AbstractAutowireCapableBeanFactory.java:1222)
	at org.springframework.beans.factory.support.AbstractAutowireCapableBeanFactory.doCreateBean(AbstractAutowireCapableBeanFactory.java:562)
	at org.springframework.beans.factory.support.AbstractAutowireCapableBeanFactory.createBean(AbstractAutowireCapableBeanFactory.java:522)
	at org.springframework.beans.factory.support.AbstractBeanFactory.lambda$doGetBean$0(AbstractBeanFactory.java:337)
	at org.springframework.beans.factory.support.DefaultSingletonBeanRegistry.getSingleton(DefaultSingletonBeanRegistry.java:234)
	at org.springframework.beans.factory.support.AbstractBeanFactory.doGetBean(AbstractBeanFactory.java:335)
	at org.springframework.beans.factory.support.AbstractBeanFactory.getBean(AbstractBeanFactory.java:200)
	at org.springframework.beans.factory.support.DefaultListableBeanFactory.preInstantiateSingletons(DefaultListableBeanFactory.java:975)
	at org.springframework.context.support.AbstractApplicationContext.finishBeanFactoryInitialization(AbstractApplicationContext.java:971)
	at org.springframework.context.support.AbstractApplicationContext.refresh(AbstractApplicationContext.java:625)
	at org.springframework.boot.web.servlet.context.ServletWebServerApplicationContext.refresh(ServletWebServerApplicationContext.java:146)
	at org.springframework.boot.SpringApplication.refresh(SpringApplication.java:754)
	at org.springframework.boot.SpringApplication.refreshContext(SpringApplication.java:456)
	at org.springframework.boot.SpringApplication.run(SpringApplication.java:335)
	at org.springframework.boot.SpringApplication.run(SpringApplication.java:1363)
	at org.springframework.boot.SpringApplication.run(SpringApplication.java:1352)
	at com.example.pww.PwwApplication.main(PwwApplication.java:10)
	at java.base/jdk.internal.reflect.NativeMethodAccessorImpl.invoke0(Native Method)
	at java.base/jdk.internal.reflect.NativeMethodAccessorImpl.invoke(NativeMethodAccessorImpl.java:77)
	at java.base/jdk.internal.reflect.DelegatingMethodAccessorImpl.invoke(DelegatingMethodAccessorImpl.java:43)
	at java.base/java.lang.reflect.Method.invoke(Method.java:569)
	at org.springframework.boot.devtools.restart.RestartLauncher.run(RestartLauncher.java:50)
Caused by: org.springframework.beans.BeanInstantiationException: Failed to instantiate [com.example.pww.Main]: Constructor threw exception
	at org.springframework.beans.BeanUtils.instantiateClass(BeanUtils.java:221)
	at org.springframework.beans.factory.support.SimpleInstantiationStrategy.instantiate(SimpleInstantiationStrategy.java:94)
	at org.springframework.beans.factory.support.AbstractAutowireCapableBeanFactory.instantiateBean(AbstractAutowireCapableBeanFactory.java:1331)
	... 22 common frames omitted
Caused by: java.lang.Error: Unresolved compilation problem: 
	The method LoggerFactory() is undefined for the type Main

	at com.example.pww.Main.<init>(Main.java:10)
	at java.base/jdk.internal.reflect.NativeConstructorAccessorImpl.newInstance0(Native Method)
	at java.base/jdk.internal.reflect.NativeConstructorAccessorImpl.newInstance(NativeConstructorAccessorImpl.java:77)
	at java.base/jdk.internal.reflect.DelegatingConstructorAccessorImpl.newInstance(DelegatingConstructorAccessorImpl.java:45)
	at java.base/java.lang.reflect.Constructor.newInstanceWithCaller(Constructor.java:500)
	at java.base/java.lang.reflect.Constructor.newInstance(Constructor.java:481)
	at org.springframework.beans.BeanUtils.instantiateClass(BeanUtils.java:195)
	... 24 common frames omitted
2024-11-02 22:11:44 - Starting PwwApplication using Java 17.0.13 with PID 70283 (/Users/parkwonwoo/Downloads/pww/target/classes started by parkwonwoo in /Users/parkwonwoo/Downloads/pww)
2024-11-02 22:11:44 - No active profile set, falling back to 1 default profile: "default"
2024-11-02 22:11:44 - No MyBatis mapper was found in '[com.example.pww]' package. Please check your configuration.
2024-11-02 22:11:44 - Tomcat initialized with port 8090 (http)
2024-11-02 22:11:44 - Starting service [Tomcat]
2024-11-02 22:11:44 - Starting Servlet engine: [Apache Tomcat/10.1.31]
2024-11-02 22:11:44 - Initializing Spring embedded WebApplicationContext
2024-11-02 22:11:44 - Root WebApplicationContext: initialization completed in 74 ms
2024-11-02 22:11:44 - Exception encountered during context initialization - cancelling refresh attempt: org.springframework.beans.factory.BeanCreationException: Error creating bean with name 'main' defined in file [/Users/parkwonwoo/Downloads/pww/target/classes/com/example/pww/Main.class]: Failed to instantiate [com.example.pww.Main]: Constructor threw exception
2024-11-02 22:11:44 - Stopping service [Tomcat]
2024-11-02 22:11:44 - 

Error starting ApplicationContext. To display the condition evaluation report re-run your application with 'debug' enabled.
2024-11-02 22:11:44 - Application run failed
org.springframework.beans.factory.BeanCreationException: Error creating bean with name 'main' defined in file [/Users/parkwonwoo/Downloads/pww/target/classes/com/example/pww/Main.class]: Failed to instantiate [com.example.pww.Main]: Constructor threw exception
	at org.springframework.beans.factory.support.AbstractAutowireCapableBeanFactory.instantiateBean(AbstractAutowireCapableBeanFactory.java:1337)
	at org.springframework.beans.factory.support.AbstractAutowireCapableBeanFactory.createBeanInstance(AbstractAutowireCapableBeanFactory.java:1222)
	at org.springframework.beans.factory.support.AbstractAutowireCapableBeanFactory.doCreateBean(AbstractAutowireCapableBeanFactory.java:562)
	at org.springframework.beans.factory.support.AbstractAutowireCapableBeanFactory.createBean(AbstractAutowireCapableBeanFactory.java:522)
	at org.springframework.beans.factory.support.AbstractBeanFactory.lambda$doGetBean$0(AbstractBeanFactory.java:337)
	at org.springframework.beans.factory.support.DefaultSingletonBeanRegistry.getSingleton(DefaultSingletonBeanRegistry.java:234)
	at org.springframework.beans.factory.support.AbstractBeanFactory.doGetBean(AbstractBeanFactory.java:335)
	at org.springframework.beans.factory.support.AbstractBeanFactory.getBean(AbstractBeanFactory.java:200)
	at org.springframework.beans.factory.support.DefaultListableBeanFactory.preInstantiateSingletons(DefaultListableBeanFactory.java:975)
	at org.springframework.context.support.AbstractApplicationContext.finishBeanFactoryInitialization(AbstractApplicationContext.java:971)
	at org.springframework.context.support.AbstractApplicationContext.refresh(AbstractApplicationContext.java:625)
	at org.springframework.boot.web.servlet.context.ServletWebServerApplicationContext.refresh(ServletWebServerApplicationContext.java:146)
	at org.springframework.boot.SpringApplication.refresh(SpringApplication.java:754)
	at org.springframework.boot.SpringApplication.refreshContext(SpringApplication.java:456)
	at org.springframework.boot.SpringApplication.run(SpringApplication.java:335)
	at org.springframework.boot.SpringApplication.run(SpringApplication.java:1363)
	at org.springframework.boot.SpringApplication.run(SpringApplication.java:1352)
	at com.example.pww.PwwApplication.main(PwwApplication.java:10)
	at java.base/jdk.internal.reflect.NativeMethodAccessorImpl.invoke0(Native Method)
	at java.base/jdk.internal.reflect.NativeMethodAccessorImpl.invoke(NativeMethodAccessorImpl.java:77)
	at java.base/jdk.internal.reflect.DelegatingMethodAccessorImpl.invoke(DelegatingMethodAccessorImpl.java:43)
	at java.base/java.lang.reflect.Method.invoke(Method.java:569)
	at org.springframework.boot.devtools.restart.RestartLauncher.run(RestartLauncher.java:50)
Caused by: org.springframework.beans.BeanInstantiationException: Failed to instantiate [com.example.pww.Main]: Constructor threw exception
	at org.springframework.beans.BeanUtils.instantiateClass(BeanUtils.java:221)
	at org.springframework.beans.factory.support.SimpleInstantiationStrategy.instantiate(SimpleInstantiationStrategy.java:94)
	at org.springframework.beans.factory.support.AbstractAutowireCapableBeanFactory.instantiateBean(AbstractAutowireCapableBeanFactory.java:1331)
	... 22 common frames omitted
Caused by: java.lang.Error: Unresolved compilation problem: 
	MyService cannot be resolved to a type

	at com.example.pww.Main.<init>(Main.java:10)
	at java.base/jdk.internal.reflect.NativeConstructorAccessorImpl.newInstance0(Native Method)
	at java.base/jdk.internal.reflect.NativeConstructorAccessorImpl.newInstance(NativeConstructorAccessorImpl.java:77)
	at java.base/jdk.internal.reflect.DelegatingConstructorAccessorImpl.newInstance(DelegatingConstructorAccessorImpl.java:45)
	at java.base/java.lang.reflect.Constructor.newInstanceWithCaller(Constructor.java:500)
	at java.base/java.lang.reflect.Constructor.newInstance(Constructor.java:481)
	at org.springframework.beans.BeanUtils.instantiateClass(BeanUtils.java:195)
	... 24 common frames omitted
2024-11-02 22:12:34 - Starting PwwApplication using Java 17.0.13 with PID 70283 (/Users/parkwonwoo/Downloads/pww/target/classes started by parkwonwoo in /Users/parkwonwoo/Downloads/pww)
2024-11-02 22:12:34 - No active profile set, falling back to 1 default profile: "default"
2024-11-02 22:12:34 - No MyBatis mapper was found in '[com.example.pww]' package. Please check your configuration.
2024-11-02 22:12:34 - Tomcat initialized with port 8090 (http)
2024-11-02 22:12:34 - Starting service [Tomcat]
2024-11-02 22:12:34 - Starting Servlet engine: [Apache Tomcat/10.1.31]
2024-11-02 22:12:34 - Initializing Spring embedded WebApplicationContext
2024-11-02 22:12:34 - Root WebApplicationContext: initialization completed in 73 ms
2024-11-02 22:12:34 - LiveReload server is running on port 35729
2024-11-02 22:12:34 - Tomcat started on port 8090 (http) with context path '/'
2024-11-02 22:12:34 - Started PwwApplication in 0.151 seconds (process running for 954.536)
2024-11-02 22:12:34 - Condition evaluation unchanged
2024-11-02 22:12:50 - Restarting due to 1 class path change (0 additions, 0 deletions, 1 modification)
2024-11-02 22:12:50 - Starting PwwApplication using Java 17.0.13 with PID 70283 (/Users/parkwonwoo/Downloads/pww/target/classes started by parkwonwoo in /Users/parkwonwoo/Downloads/pww)
2024-11-02 22:12:50 - No active profile set, falling back to 1 default profile: "default"
2024-11-02 22:12:50 - No MyBatis mapper was found in '[com.example.pww]' package. Please check your configuration.
2024-11-02 22:12:50 - Tomcat initialized with port 8090 (http)
2024-11-02 22:12:50 - Starting service [Tomcat]
2024-11-02 22:12:50 - Starting Servlet engine: [Apache Tomcat/10.1.31]
2024-11-02 22:12:50 - Initializing Spring embedded WebApplicationContext
2024-11-02 22:12:50 - Root WebApplicationContext: initialization completed in 72 ms
2024-11-02 22:12:50 - LiveReload server is running on port 35729
2024-11-02 22:12:50 - Tomcat started on port 8090 (http) with context path '/'
2024-11-02 22:12:50 - Started PwwApplication in 0.137 seconds (process running for 970.25)
2024-11-02 22:12:50 - Condition evaluation unchanged
2024-11-02 22:13:11 - Restarting due to 3 class path changes (0 additions, 0 deletions, 3 modifications)
2024-11-02 22:13:11 - Starting PwwApplication using Java 17.0.13 with PID 70283 (/Users/parkwonwoo/Downloads/pww/target/classes started by parkwonwoo in /Users/parkwonwoo/Downloads/pww)
2024-11-02 22:13:11 - No active profile set, falling back to 1 default profile: "default"
2024-11-02 22:13:11 - No MyBatis mapper was found in '[com.example.pww]' package. Please check your configuration.
2024-11-02 22:13:11 - Tomcat initialized with port 8090 (http)
2024-11-02 22:13:11 - Starting service [Tomcat]
2024-11-02 22:13:11 - Starting Servlet engine: [Apache Tomcat/10.1.31]
2024-11-02 22:13:11 - Initializing Spring embedded WebApplicationContext
2024-11-02 22:13:11 - Root WebApplicationContext: initialization completed in 65 ms
2024-11-02 22:13:11 - Cannot find template location: classpath:/templates/ (please add some templates, check your Thymeleaf configuration, or set spring.thymeleaf.check-template-location=false)
2024-11-02 22:13:11 - LiveReload server is running on port 35729
2024-11-02 22:13:11 - Tomcat started on port 8090 (http) with context path '/'
2024-11-02 22:13:11 - Started PwwApplication in 0.134 seconds (process running for 990.989)
2024-11-02 22:13:11 - Condition evaluation unchanged
2024-11-02 22:13:12 - Restarting due to 8 class path changes (0 additions, 6 deletions, 2 modifications)
